  [1m[36m (1.1ms)[0m  [1mCREATE TABLE "schema_migrations" ("version" varchar NOT NULL) [0m
  [1m[35m (0.4ms)[0m  select sqlite_version(*)
  [1m[36m (0.9ms)[0m  [1mCREATE UNIQUE INDEX "unique_schema_migrations" ON "schema_migrations" ("version")[0m
  [1m[35mActiveRecord::SchemaMigration Load (0.1ms)[0m  SELECT "schema_migrations".* FROM "schema_migrations"
Migrating to CreateUsers (20151116214227)
  [1m[36m (0.1ms)[0m  [1mbegin transaction[0m
  [1m[35m (0.3ms)[0m  CREATE TABLE "users" ("id" INTEGER PRIMARY KEY AUTOINCREMENT NOT NULL, "name" varchar, "location" varchar) 
  [1m[36mSQL (0.2ms)[0m  [1mINSERT INTO "schema_migrations" ("version") VALUES (?)[0m  [["version", "20151116214227"]]
  [1m[35m (0.8ms)[0m  commit transaction
Migrating to CreateTasks (20151116214307)
  [1m[36m (0.0ms)[0m  [1mbegin transaction[0m
  [1m[35m (0.3ms)[0m  CREATE TABLE "tasks" ("id" INTEGER PRIMARY KEY AUTOINCREMENT NOT NULL, "name" varchar, "user_id" integer) 
  [1m[36m (0.1ms)[0m  [1mCREATE  INDEX "index_tasks_on_user_id" ON "tasks" ("user_id")[0m
  [1m[35mSQL (0.1ms)[0m  INSERT INTO "schema_migrations" ("version") VALUES (?)  [["version", "20151116214307"]]
  [1m[36m (0.7ms)[0m  [1mcommit transaction[0m
  [1m[35mActiveRecord::SchemaMigration Load (0.1ms)[0m  SELECT "schema_migrations".* FROM "schema_migrations"
  [1m[36m (0.3ms)[0m  [1m            SELECT sql
            FROM sqlite_master
            WHERE name='index_tasks_on_user_id' AND type='index'
            UNION ALL
            SELECT sql
            FROM sqlite_temp_master
            WHERE name='index_tasks_on_user_id' AND type='index'
[0m
  [1m[35mActiveRecord::SchemaMigration Load (0.1ms)[0m  SELECT "schema_migrations".* FROM "schema_migrations"
  [1m[36m (0.0ms)[0m  [1mbegin transaction[0m
  [1m[35mSQL (0.2ms)[0m  INSERT INTO "users" ("name", "location") VALUES (?, ?)  [["name", "John"], ["location", "USA"]]
  [1m[36m (0.6ms)[0m  [1mcommit transaction[0m
  [1m[35m (0.3ms)[0m  begin transaction
  [1m[36mSQL (0.3ms)[0m  [1mINSERT INTO "tasks" ("name", "user_id") VALUES (?, ?)[0m  [["name", "Task 1 for user: John"], ["user_id", 1]]
  [1m[35m (0.8ms)[0m  commit transaction
  [1m[36m (0.0ms)[0m  [1mbegin transaction[0m
  [1m[35mSQL (0.2ms)[0m  INSERT INTO "tasks" ("name", "user_id") VALUES (?, ?)  [["name", "Task 2 for user: John"], ["user_id", 1]]
  [1m[36m (0.7ms)[0m  [1mcommit transaction[0m
  [1m[35m (0.0ms)[0m  begin transaction
  [1m[36mSQL (0.2ms)[0m  [1mINSERT INTO "tasks" ("name", "user_id") VALUES (?, ?)[0m  [["name", "Task 3 for user: John"], ["user_id", 1]]
  [1m[35m (0.8ms)[0m  commit transaction
  [1m[36m (0.0ms)[0m  [1mbegin transaction[0m
  [1m[35mSQL (0.2ms)[0m  INSERT INTO "users" ("name", "location") VALUES (?, ?)  [["name", "Jane"], ["location", "Spain"]]
  [1m[36m (0.7ms)[0m  [1mcommit transaction[0m
  [1m[35m (0.0ms)[0m  begin transaction
  [1m[36mSQL (0.2ms)[0m  [1mINSERT INTO "tasks" ("name", "user_id") VALUES (?, ?)[0m  [["name", "Task 1 for user: Jane"], ["user_id", 2]]
  [1m[35m (0.8ms)[0m  commit transaction
  [1m[36m (0.0ms)[0m  [1mbegin transaction[0m
  [1m[35mSQL (0.2ms)[0m  INSERT INTO "tasks" ("name", "user_id") VALUES (?, ?)  [["name", "Task 2 for user: Jane"], ["user_id", 2]]
  [1m[36m (0.8ms)[0m  [1mcommit transaction[0m
  [1m[35m (0.0ms)[0m  begin transaction
  [1m[36mSQL (0.2ms)[0m  [1mINSERT INTO "tasks" ("name", "user_id") VALUES (?, ?)[0m  [["name", "Task 3 for user: Jane"], ["user_id", 2]]
  [1m[35m (0.7ms)[0m  commit transaction
  [1m[36m (0.0ms)[0m  [1mbegin transaction[0m
  [1m[35mSQL (0.2ms)[0m  INSERT INTO "users" ("name", "location") VALUES (?, ?)  [["name", "Bob"], ["location", "Australia"]]
  [1m[36m (0.7ms)[0m  [1mcommit transaction[0m
  [1m[35m (0.0ms)[0m  begin transaction
  [1m[36mSQL (0.2ms)[0m  [1mINSERT INTO "tasks" ("name", "user_id") VALUES (?, ?)[0m  [["name", "Task 1 for user: Bob"], ["user_id", 3]]
  [1m[35m (0.7ms)[0m  commit transaction
  [1m[36m (0.0ms)[0m  [1mbegin transaction[0m
  [1m[35mSQL (0.2ms)[0m  INSERT INTO "tasks" ("name", "user_id") VALUES (?, ?)  [["name", "Task 2 for user: Bob"], ["user_id", 3]]
  [1m[36m (0.7ms)[0m  [1mcommit transaction[0m
  [1m[35m (0.0ms)[0m  begin transaction
  [1m[36mSQL (0.3ms)[0m  [1mINSERT INTO "tasks" ("name", "user_id") VALUES (?, ?)[0m  [["name", "Task 3 for user: Bob"], ["user_id", 3]]
  [1m[35m (0.7ms)[0m  commit transaction
  [1m[36m (0.0ms)[0m  [1mbegin transaction[0m
  [1m[35mSQL (0.2ms)[0m  INSERT INTO "users" ("name", "location") VALUES (?, ?)  [["name", "Charlie"], ["location", "China"]]
  [1m[36m (0.7ms)[0m  [1mcommit transaction[0m
  [1m[35m (0.0ms)[0m  begin transaction
  [1m[36mSQL (0.2ms)[0m  [1mINSERT INTO "tasks" ("name", "user_id") VALUES (?, ?)[0m  [["name", "Task 1 for user: Charlie"], ["user_id", 4]]
  [1m[35m (0.7ms)[0m  commit transaction
  [1m[36m (0.0ms)[0m  [1mbegin transaction[0m
  [1m[35mSQL (0.2ms)[0m  INSERT INTO "tasks" ("name", "user_id") VALUES (?, ?)  [["name", "Task 2 for user: Charlie"], ["user_id", 4]]
  [1m[36m (0.7ms)[0m  [1mcommit transaction[0m
  [1m[35m (0.0ms)[0m  begin transaction
  [1m[36mSQL (0.2ms)[0m  [1mINSERT INTO "tasks" ("name", "user_id") VALUES (?, ?)[0m  [["name", "Task 3 for user: Charlie"], ["user_id", 4]]
  [1m[35m (0.7ms)[0m  commit transaction
  [1m[36m (0.0ms)[0m  [1mbegin transaction[0m
  [1m[35mSQL (0.2ms)[0m  INSERT INTO "users" ("name", "location") VALUES (?, ?)  [["name", "Jake"], ["location", "USA"]]
  [1m[36m (0.7ms)[0m  [1mcommit transaction[0m
  [1m[35m (0.0ms)[0m  begin transaction
  [1m[36mSQL (0.2ms)[0m  [1mINSERT INTO "tasks" ("name", "user_id") VALUES (?, ?)[0m  [["name", "Task 1 for user: Jake"], ["user_id", 5]]
  [1m[35m (0.7ms)[0m  commit transaction
  [1m[36m (0.0ms)[0m  [1mbegin transaction[0m
  [1m[35mSQL (0.2ms)[0m  INSERT INTO "tasks" ("name", "user_id") VALUES (?, ?)  [["name", "Task 2 for user: Jake"], ["user_id", 5]]
  [1m[36m (0.6ms)[0m  [1mcommit transaction[0m
  [1m[35m (0.0ms)[0m  begin transaction
  [1m[36mSQL (0.2ms)[0m  [1mINSERT INTO "tasks" ("name", "user_id") VALUES (?, ?)[0m  [["name", "Task 3 for user: Jake"], ["user_id", 5]]
  [1m[35m (0.7ms)[0m  commit transaction
  [1m[36m (0.4ms)[0m  [1mbegin transaction[0m
  [1m[35mSQL (0.2ms)[0m  INSERT INTO "users" ("name", "location") VALUES (?, ?)  [["name", "Albert"], ["location", "Spain"]]
  [1m[36m (0.7ms)[0m  [1mcommit transaction[0m
  [1m[35m (0.0ms)[0m  begin transaction
  [1m[36mSQL (0.2ms)[0m  [1mINSERT INTO "tasks" ("name", "user_id") VALUES (?, ?)[0m  [["name", "Task 1 for user: Albert"], ["user_id", 6]]
  [1m[35m (0.8ms)[0m  commit transaction
  [1m[36m (0.0ms)[0m  [1mbegin transaction[0m
  [1m[35mSQL (0.2ms)[0m  INSERT INTO "tasks" ("name", "user_id") VALUES (?, ?)  [["name", "Task 2 for user: Albert"], ["user_id", 6]]
  [1m[36m (0.8ms)[0m  [1mcommit transaction[0m
  [1m[35m (0.0ms)[0m  begin transaction
  [1m[36mSQL (0.2ms)[0m  [1mINSERT INTO "tasks" ("name", "user_id") VALUES (?, ?)[0m  [["name", "Task 3 for user: Albert"], ["user_id", 6]]
  [1m[35m (0.7ms)[0m  commit transaction
  [1m[36mUser Load (1.2ms)[0m  [1mSELECT "users".* FROM "users"[0m
  [1m[35mUser Load (0.2ms)[0m  SELECT "users".* FROM "users" WHERE "users"."name" = ?  [["name", "Charlie"]]
  [1m[36mTask Load (0.2ms)[0m  [1mSELECT "tasks".* FROM "tasks" WHERE "tasks"."user_id" = ?[0m  [["user_id", 3]]
  [1m[35mTask Load (0.2ms)[0m  SELECT  "tasks".* FROM "tasks" WHERE "tasks"."id" = ? LIMIT 1  [["id", 20]]
  [1m[36m (0.1ms)[0m  [1mbegin transaction[0m
  [1m[35mSQL (1.1ms)[0m  UPDATE "tasks" SET "name" = ? WHERE "tasks"."id" = ?  [["name", "Run Sonic run!"], ["id", 20]]
  [1m[36m (0.8ms)[0m  [1mcommit transaction[0m
